<?xml version="1.0" encoding="UTF-8"?>
<!-- Generated by org.testng.reporters.JUnitReportReporter -->
<testsuite hostname="usnycpww4255.global.publicisgroupe.net" name="brand.preference.MacFirefoxDesktopPreferenceCenter" tests="12" failures="12" timestamp="30 Nov 2015 20:21:19 GMT" time="51.584" errors="0">
  <testcase name="testBlankLogin02" time="0.001" classname="brand.preference.MacFirefoxDesktopPreferenceCenter">
    <failure type="java.lang.NullPointerException">
      <![CDATA[java.lang.NullPointerException
	at brand.preference.MacFirefoxDesktopPreferenceCenter.testBlankLogin02(MacFirefoxDesktopPreferenceCenter.java:89)
	at sun.reflect.NativeMethodAccessorImpl.invoke0(Native Method)
	at sun.reflect.NativeMethodAccessorImpl.invoke(NativeMethodAccessorImpl.java:62)
	at sun.reflect.DelegatingMethodAccessorImpl.invoke(DelegatingMethodAccessorImpl.java:43)
	at java.lang.reflect.Method.invoke(Method.java:497)
	at org.testng.internal.MethodInvocationHelper.invokeMethod(MethodInvocationHelper.java:84)
	at org.testng.internal.Invoker.invokeMethod(Invoker.java:714)
	at org.testng.internal.Invoker.invokeTestMethod(Invoker.java:901)
	at org.testng.internal.Invoker.invokeTestMethods(Invoker.java:1231)
	at org.testng.internal.TestMethodWorker.invokeTestMethods(TestMethodWorker.java:127)
	at org.testng.internal.TestMethodWorker.run(TestMethodWorker.java:111)
	at org.testng.TestRunner.privateRun(TestRunner.java:767)
	at org.testng.TestRunner.run(TestRunner.java:617)
	at org.testng.SuiteRunner.runTest(SuiteRunner.java:334)
	at org.testng.SuiteRunner.runSequentially(SuiteRunner.java:329)
	at org.testng.SuiteRunner.privateRun(SuiteRunner.java:291)
	at org.testng.SuiteRunner.run(SuiteRunner.java:240)
	at org.testng.SuiteRunnerWorker.runSuite(SuiteRunnerWorker.java:52)
	at org.testng.SuiteRunnerWorker.run(SuiteRunnerWorker.java:86)
	at org.testng.TestNG.runSuitesSequentially(TestNG.java:1224)
	at org.testng.TestNG.runSuitesLocally(TestNG.java:1149)
	at org.testng.TestNG.run(TestNG.java:1057)
	at org.testng.remote.RemoteTestNG.run(RemoteTestNG.java:111)
	at org.testng.remote.RemoteTestNG.initAndRun(RemoteTestNG.java:204)
	at org.testng.remote.RemoteTestNG.main(RemoteTestNG.java:175)
]]>
    </failure>
  </testcase> <!-- testBlankLogin02 -->
  <testcase name="testSetWrongPassword7" time="0.001" classname="brand.preference.MacFirefoxDesktopPreferenceCenter">
    <failure type="java.lang.NullPointerException">
      <![CDATA[java.lang.NullPointerException
	at brand.preference.MacFirefoxDesktopPreferenceCenter.testSetWrongPassword7(MacFirefoxDesktopPreferenceCenter.java:309)
	at sun.reflect.NativeMethodAccessorImpl.invoke0(Native Method)
	at sun.reflect.NativeMethodAccessorImpl.invoke(NativeMethodAccessorImpl.java:62)
	at sun.reflect.DelegatingMethodAccessorImpl.invoke(DelegatingMethodAccessorImpl.java:43)
	at java.lang.reflect.Method.invoke(Method.java:497)
	at org.testng.internal.MethodInvocationHelper.invokeMethod(MethodInvocationHelper.java:84)
	at org.testng.internal.Invoker.invokeMethod(Invoker.java:714)
	at org.testng.internal.Invoker.invokeTestMethod(Invoker.java:901)
	at org.testng.internal.Invoker.invokeTestMethods(Invoker.java:1231)
	at org.testng.internal.TestMethodWorker.invokeTestMethods(TestMethodWorker.java:127)
	at org.testng.internal.TestMethodWorker.run(TestMethodWorker.java:111)
	at org.testng.TestRunner.privateRun(TestRunner.java:767)
	at org.testng.TestRunner.run(TestRunner.java:617)
	at org.testng.SuiteRunner.runTest(SuiteRunner.java:334)
	at org.testng.SuiteRunner.runSequentially(SuiteRunner.java:329)
	at org.testng.SuiteRunner.privateRun(SuiteRunner.java:291)
	at org.testng.SuiteRunner.run(SuiteRunner.java:240)
	at org.testng.SuiteRunnerWorker.runSuite(SuiteRunnerWorker.java:52)
	at org.testng.SuiteRunnerWorker.run(SuiteRunnerWorker.java:86)
	at org.testng.TestNG.runSuitesSequentially(TestNG.java:1224)
	at org.testng.TestNG.runSuitesLocally(TestNG.java:1149)
	at org.testng.TestNG.run(TestNG.java:1057)
	at org.testng.remote.RemoteTestNG.run(RemoteTestNG.java:111)
	at org.testng.remote.RemoteTestNG.initAndRun(RemoteTestNG.java:204)
	at org.testng.remote.RemoteTestNG.main(RemoteTestNG.java:175)
]]>
    </failure>
  </testcase> <!-- testSetWrongPassword7 -->
  <testcase name="testAllChar10" time="0.001" classname="brand.preference.MacFirefoxDesktopPreferenceCenter">
    <failure type="java.lang.NullPointerException">
      <![CDATA[java.lang.NullPointerException
	at brand.preference.MacFirefoxDesktopPreferenceCenter.testAllChar10(MacFirefoxDesktopPreferenceCenter.java:445)
	at sun.reflect.NativeMethodAccessorImpl.invoke0(Native Method)
	at sun.reflect.NativeMethodAccessorImpl.invoke(NativeMethodAccessorImpl.java:62)
	at sun.reflect.DelegatingMethodAccessorImpl.invoke(DelegatingMethodAccessorImpl.java:43)
	at java.lang.reflect.Method.invoke(Method.java:497)
	at org.testng.internal.MethodInvocationHelper.invokeMethod(MethodInvocationHelper.java:84)
	at org.testng.internal.Invoker.invokeMethod(Invoker.java:714)
	at org.testng.internal.Invoker.invokeTestMethod(Invoker.java:901)
	at org.testng.internal.Invoker.invokeTestMethods(Invoker.java:1231)
	at org.testng.internal.TestMethodWorker.invokeTestMethods(TestMethodWorker.java:127)
	at org.testng.internal.TestMethodWorker.run(TestMethodWorker.java:111)
	at org.testng.TestRunner.privateRun(TestRunner.java:767)
	at org.testng.TestRunner.run(TestRunner.java:617)
	at org.testng.SuiteRunner.runTest(SuiteRunner.java:334)
	at org.testng.SuiteRunner.runSequentially(SuiteRunner.java:329)
	at org.testng.SuiteRunner.privateRun(SuiteRunner.java:291)
	at org.testng.SuiteRunner.run(SuiteRunner.java:240)
	at org.testng.SuiteRunnerWorker.runSuite(SuiteRunnerWorker.java:52)
	at org.testng.SuiteRunnerWorker.run(SuiteRunnerWorker.java:86)
	at org.testng.TestNG.runSuitesSequentially(TestNG.java:1224)
	at org.testng.TestNG.runSuitesLocally(TestNG.java:1149)
	at org.testng.TestNG.run(TestNG.java:1057)
	at org.testng.remote.RemoteTestNG.run(RemoteTestNG.java:111)
	at org.testng.remote.RemoteTestNG.initAndRun(RemoteTestNG.java:204)
	at org.testng.remote.RemoteTestNG.main(RemoteTestNG.java:175)
]]>
    </failure>
  </testcase> <!-- testAllChar10 -->
  <testcase name="beforeMethod01" time="51.372" classname="brand.preference.MacFirefoxDesktopPreferenceCenter">
    <failure type="org.openqa.selenium.WebDriverException" message="Failed to connect to binary FirefoxBinary(/Applications/Firefox.app/Contents/MacOS/firefox-bin) on port 7055; process output follows: 
425	addons.xpi	INFO	Mapping web2pdfextension@web2pdf.adobedotcom to /Library/Application Support/Mozilla/Extensions/{ec8030f7-c20a-464f-9b0e-13a3a9e97384}/web2pdfextension@web2pdf.adobedotcom
1448914834425	addons.xpi	DEBUG	checkForChanges
1448914834426	addons.xpi	DEBUG	Loaded add-on state from prefs: {&quot;app-profile&quot;:{&quot;fxdriver@googlecode.com&quot;:{&quot;d&quot;:&quot;/var/folders/yd/57jw1ntj1kx40zqx2qfm71q9smmy7h/T/anonymous6532163646064218929webdriver-profile/extensions/fxdriver@googlecode.com&quot;,&quot;e&quot;:false,&quot;v&quot;:&quot;2.28.0&quot;,&quot;st&quot;:1448914828000,&quot;mt&quot;:1448914828000}},&quot;app-global&quot;:{&quot;{972ce4c6-7e08-4474-a285-3208198ce6fd}&quot;:{&quot;d&quot;:&quot;/Applications/Firefox.app/Contents/Resources/browser/extensions/{972ce4c6-7e08-4474-a285-3208198ce6fd}&quot;,&quot;e&quot;:true,&quot;v&quot;:&quot;42.0&quot;,&quot;st&quot;:1446163689000,&quot;mt&quot;:1446160932000}},&quot;app-system-local&quot;:{&quot;web2pdfextension@web2pdf.adobedotcom&quot;:{&quot;d&quot;:&quot;/Library/Application Support/Mozilla/Extensions/{ec8030f7-c20a-464f-9b0e-13a3a9e97384}/web2pdfextension@web2pdf.adobedotcom&quot;,&quot;e&quot;:false,&quot;v&quot;:&quot;2.0&quot;,&quot;st&quot;:1441157182000,&quot;mt&quot;:1348459481000}}}
1448914834427	addons.xpi	DEBUG	getModTime: Recursive scan of {972ce4c6-7e08-4474-a285-3208198ce6fd}
1448914834427	addons.xpi	DEBUG	getInstallState changed: false, state: {&quot;app-profile&quot;:{&quot;fxdriver@googlecode.com&quot;:{&quot;d&quot;:&quot;/var/folders/yd/57jw1ntj1kx40zqx2qfm71q9smmy7h/T/anonymous6532163646064218929webdriver-profile/extensions/fxdriver@googlecode.com&quot;,&quot;e&quot;:false,&quot;v&quot;:&quot;2.28.0&quot;,&quot;st&quot;:1448914828000,&quot;mt&quot;:1448914828000}},&quot;app-global&quot;:{&quot;{972ce4c6-7e08-4474-a285-3208198ce6fd}&quot;:{&quot;d&quot;:&quot;/Applications/Firefox.app/Contents/Resources/browser/extensions/{972ce4c6-7e08-4474-a285-3208198ce6fd}&quot;,&quot;e&quot;:true,&quot;v&quot;:&quot;42.0&quot;,&quot;st&quot;:1446163689000,&quot;mt&quot;:1446160932000}},&quot;app-system-local&quot;:{&quot;web2pdfextension@web2pdf.adobedotcom&quot;:{&quot;d&quot;:&quot;/Library/Application Support/Mozilla/Extensions/{ec8030f7-c20a-464f-9b0e-13a3a9e97384}/web2pdfextension@web2pdf.adobedotcom&quot;,&quot;e&quot;:false,&quot;v&quot;:&quot;2.0&quot;,&quot;st&quot;:1441157182000,&quot;mt&quot;:1348459481000}}}
1448914834428	addons.xpi	DEBUG	No changes found
1448914834433	addons.manager	DEBUG	Registering shutdown blocker for XPIProvider
1448914834434	addons.manager	DEBUG	Provider finished startup: XPIProvider
1448914834434	addons.manager	DEBUG	Starting provider: LightweightThemeManager
1448914834434	addons.manager	DEBUG	Registering shutdown blocker for LightweightThemeManager
1448914834434	addons.manager	DEBUG	Provider finished startup: LightweightThemeManager
1448914834434	addons.manager	DEBUG	Starting provider: GMPProvider
1448914834437	addons.manager	DEBUG	Registering shutdown blocker for GMPProvider
1448914834437	addons.manager	DEBUG	Provider finished startup: GMPProvider
1448914834437	addons.manager	DEBUG	Starting provider: PluginProvider
1448914834437	addons.manager	DEBUG	Registering shutdown blocker for PluginProvider
1448914834438	addons.manager	DEBUG	Provider finished startup: PluginProvider
1448914834438	addons.manager	DEBUG	Completed startup sequence
1448914834465	addons.xpi-utils	DEBUG	Starting async load of XPI database /var/folders/yd/57jw1ntj1kx40zqx2qfm71q9smmy7h/T/anonymous6532163646064218929webdriver-profile/extensions.json
*** Blocklist::_loadBlocklistFromFile: blocklist is disabled
1448914834583	addons.manager	DEBUG	Starting provider: &lt;unnamed-provider&gt;
1448914834583	addons.manager	DEBUG	Registering shutdown blocker for &lt;unnamed-provider&gt;
1448914834584	addons.manager	DEBUG	Provider finished startup: &lt;unnamed-provider&gt;
1448914834704	addons.xpi-utils	DEBUG	Async JSON file read took 0 MS
1448914834704	addons.xpi-utils	DEBUG	Finished async read of XPI database, parsing...
1448914834705	addons.xpi-utils	DEBUG	Successfully read XPI database
1448914834771	addons.manager	DEBUG	Starting provider: PreviousExperimentProvider
1448914834771	addons.manager	DEBUG	Registering shutdown blocker for PreviousExperimentProvider
1448914834771	addons.manager	DEBUG	Provider finished startup: PreviousExperimentProvider
JavaScript warning: https://self-repair.mozilla.org/en-US/repair/, line 8: mutating the [[Prototype]] of an object will cause your code to run very slowly; instead create the object with the correct initial [[Prototype]] value using Object.create

Build info: version: &#039;2.37.0&#039;, revision: &#039;a7c61cbd68657e133ae96672cf995890bad2ee42&#039;, time: &#039;2013-10-18 09:51:02&#039;
System info: host: &#039;usnycpww4255.global.publicisgroupe.net&#039;, ip: &#039;169.254.36.231&#039;, os.name: &#039;Mac OS X&#039;, os.arch: &#039;x86_64&#039;, os.version: &#039;10.10.3&#039;, java.version: &#039;1.8.0_51&#039;
Driver info: driver.version: FirefoxDriver">
      <![CDATA[org.openqa.selenium.WebDriverException: Failed to connect to binary FirefoxBinary(/Applications/Firefox.app/Contents/MacOS/firefox-bin) on port 7055; process output follows: 
425	addons.xpi	INFO	Mapping web2pdfextension@web2pdf.adobedotcom to /Library/Application Support/Mozilla/Extensions/{ec8030f7-c20a-464f-9b0e-13a3a9e97384}/web2pdfextension@web2pdf.adobedotcom
1448914834425	addons.xpi	DEBUG	checkForChanges
1448914834426	addons.xpi	DEBUG	Loaded add-on state from prefs: {"app-profile":{"fxdriver@googlecode.com":{"d":"/var/folders/yd/57jw1ntj1kx40zqx2qfm71q9smmy7h/T/anonymous6532163646064218929webdriver-profile/extensions/fxdriver@googlecode.com","e":false,"v":"2.28.0","st":1448914828000,"mt":1448914828000}},"app-global":{"{972ce4c6-7e08-4474-a285-3208198ce6fd}":{"d":"/Applications/Firefox.app/Contents/Resources/browser/extensions/{972ce4c6-7e08-4474-a285-3208198ce6fd}","e":true,"v":"42.0","st":1446163689000,"mt":1446160932000}},"app-system-local":{"web2pdfextension@web2pdf.adobedotcom":{"d":"/Library/Application Support/Mozilla/Extensions/{ec8030f7-c20a-464f-9b0e-13a3a9e97384}/web2pdfextension@web2pdf.adobedotcom","e":false,"v":"2.0","st":1441157182000,"mt":1348459481000}}}
1448914834427	addons.xpi	DEBUG	getModTime: Recursive scan of {972ce4c6-7e08-4474-a285-3208198ce6fd}
1448914834427	addons.xpi	DEBUG	getInstallState changed: false, state: {"app-profile":{"fxdriver@googlecode.com":{"d":"/var/folders/yd/57jw1ntj1kx40zqx2qfm71q9smmy7h/T/anonymous6532163646064218929webdriver-profile/extensions/fxdriver@googlecode.com","e":false,"v":"2.28.0","st":1448914828000,"mt":1448914828000}},"app-global":{"{972ce4c6-7e08-4474-a285-3208198ce6fd}":{"d":"/Applications/Firefox.app/Contents/Resources/browser/extensions/{972ce4c6-7e08-4474-a285-3208198ce6fd}","e":true,"v":"42.0","st":1446163689000,"mt":1446160932000}},"app-system-local":{"web2pdfextension@web2pdf.adobedotcom":{"d":"/Library/Application Support/Mozilla/Extensions/{ec8030f7-c20a-464f-9b0e-13a3a9e97384}/web2pdfextension@web2pdf.adobedotcom","e":false,"v":"2.0","st":1441157182000,"mt":1348459481000}}}
1448914834428	addons.xpi	DEBUG	No changes found
1448914834433	addons.manager	DEBUG	Registering shutdown blocker for XPIProvider
1448914834434	addons.manager	DEBUG	Provider finished startup: XPIProvider
1448914834434	addons.manager	DEBUG	Starting provider: LightweightThemeManager
1448914834434	addons.manager	DEBUG	Registering shutdown blocker for LightweightThemeManager
1448914834434	addons.manager	DEBUG	Provider finished startup: LightweightThemeManager
1448914834434	addons.manager	DEBUG	Starting provider: GMPProvider
1448914834437	addons.manager	DEBUG	Registering shutdown blocker for GMPProvider
1448914834437	addons.manager	DEBUG	Provider finished startup: GMPProvider
1448914834437	addons.manager	DEBUG	Starting provider: PluginProvider
1448914834437	addons.manager	DEBUG	Registering shutdown blocker for PluginProvider
1448914834438	addons.manager	DEBUG	Provider finished startup: PluginProvider
1448914834438	addons.manager	DEBUG	Completed startup sequence
1448914834465	addons.xpi-utils	DEBUG	Starting async load of XPI database /var/folders/yd/57jw1ntj1kx40zqx2qfm71q9smmy7h/T/anonymous6532163646064218929webdriver-profile/extensions.json
*** Blocklist::_loadBlocklistFromFile: blocklist is disabled
1448914834583	addons.manager	DEBUG	Starting provider: <unnamed-provider>
1448914834583	addons.manager	DEBUG	Registering shutdown blocker for <unnamed-provider>
1448914834584	addons.manager	DEBUG	Provider finished startup: <unnamed-provider>
1448914834704	addons.xpi-utils	DEBUG	Async JSON file read took 0 MS
1448914834704	addons.xpi-utils	DEBUG	Finished async read of XPI database, parsing...
1448914834705	addons.xpi-utils	DEBUG	Successfully read XPI database
1448914834771	addons.manager	DEBUG	Starting provider: PreviousExperimentProvider
1448914834771	addons.manager	DEBUG	Registering shutdown blocker for PreviousExperimentProvider
1448914834771	addons.manager	DEBUG	Provider finished startup: PreviousExperimentProvider
JavaScript warning: https://self-repair.mozilla.org/en-US/repair/, line 8: mutating the [[Prototype]] of an object will cause your code to run very slowly; instead create the object with the correct initial [[Prototype]] value using Object.create

Build info: version: '2.37.0', revision: 'a7c61cbd68657e133ae96672cf995890bad2ee42', time: '2013-10-18 09:51:02'
System info: host: 'usnycpww4255.global.publicisgroupe.net', ip: '169.254.36.231', os.name: 'Mac OS X', os.arch: 'x86_64', os.version: '10.10.3', java.version: '1.8.0_51'
Driver info: driver.version: FirefoxDriver
	at org.openqa.selenium.firefox.internal.NewProfileExtensionConnection.start(NewProfileExtensionConnection.java:118)
	at org.openqa.selenium.firefox.FirefoxDriver.startClient(FirefoxDriver.java:244)
	at org.openqa.selenium.remote.RemoteWebDriver.<init>(RemoteWebDriver.java:110)
	at org.openqa.selenium.firefox.FirefoxDriver.<init>(FirefoxDriver.java:188)
	at org.openqa.selenium.firefox.FirefoxDriver.<init>(FirefoxDriver.java:183)
	at org.openqa.selenium.firefox.FirefoxDriver.<init>(FirefoxDriver.java:179)
	at org.openqa.selenium.firefox.FirefoxDriver.<init>(FirefoxDriver.java:92)
	at brand.preference.MacFirefoxDesktopPreferenceCenter.beforeMethod01(MacFirefoxDesktopPreferenceCenter.java:76)
	at sun.reflect.NativeMethodAccessorImpl.invoke0(Native Method)
	at sun.reflect.NativeMethodAccessorImpl.invoke(NativeMethodAccessorImpl.java:62)
	at sun.reflect.DelegatingMethodAccessorImpl.invoke(DelegatingMethodAccessorImpl.java:43)
	at java.lang.reflect.Method.invoke(Method.java:497)
	at org.testng.internal.MethodInvocationHelper.invokeMethod(MethodInvocationHelper.java:84)
	at org.testng.internal.Invoker.invokeMethod(Invoker.java:714)
	at org.testng.internal.Invoker.invokeTestMethod(Invoker.java:901)
	at org.testng.internal.Invoker.invokeTestMethods(Invoker.java:1231)
	at org.testng.internal.TestMethodWorker.invokeTestMethods(TestMethodWorker.java:127)
	at org.testng.internal.TestMethodWorker.run(TestMethodWorker.java:111)
	at org.testng.TestRunner.privateRun(TestRunner.java:767)
	at org.testng.TestRunner.run(TestRunner.java:617)
	at org.testng.SuiteRunner.runTest(SuiteRunner.java:334)
	at org.testng.SuiteRunner.runSequentially(SuiteRunner.java:329)
	at org.testng.SuiteRunner.privateRun(SuiteRunner.java:291)
	at org.testng.SuiteRunner.run(SuiteRunner.java:240)
	at org.testng.SuiteRunnerWorker.runSuite(SuiteRunnerWorker.java:52)
	at org.testng.SuiteRunnerWorker.run(SuiteRunnerWorker.java:86)
	at org.testng.TestNG.runSuitesSequentially(TestNG.java:1224)
	at org.testng.TestNG.runSuitesLocally(TestNG.java:1149)
	at org.testng.TestNG.run(TestNG.java:1057)
	at org.testng.remote.RemoteTestNG.run(RemoteTestNG.java:111)
	at org.testng.remote.RemoteTestNG.initAndRun(RemoteTestNG.java:204)
	at org.testng.remote.RemoteTestNG.main(RemoteTestNG.java:175)
Caused by: org.openqa.selenium.firefox.NotConnectedException: Unable to connect to host 127.0.0.1 on port 7055 after 45000 ms. Firefox console output:
425	addons.xpi	INFO	Mapping web2pdfextension@web2pdf.adobedotcom to /Library/Application Support/Mozilla/Extensions/{ec8030f7-c20a-464f-9b0e-13a3a9e97384}/web2pdfextension@web2pdf.adobedotcom
1448914834425	addons.xpi	DEBUG	checkForChanges
1448914834426	addons.xpi	DEBUG	Loaded add-on state from prefs: {"app-profile":{"fxdriver@googlecode.com":{"d":"/var/folders/yd/57jw1ntj1kx40zqx2qfm71q9smmy7h/T/anonymous6532163646064218929webdriver-profile/extensions/fxdriver@googlecode.com","e":false,"v":"2.28.0","st":1448914828000,"mt":1448914828000}},"app-global":{"{972ce4c6-7e08-4474-a285-3208198ce6fd}":{"d":"/Applications/Firefox.app/Contents/Resources/browser/extensions/{972ce4c6-7e08-4474-a285-3208198ce6fd}","e":true,"v":"42.0","st":1446163689000,"mt":1446160932000}},"app-system-local":{"web2pdfextension@web2pdf.adobedotcom":{"d":"/Library/Application Support/Mozilla/Extensions/{ec8030f7-c20a-464f-9b0e-13a3a9e97384}/web2pdfextension@web2pdf.adobedotcom","e":false,"v":"2.0","st":1441157182000,"mt":1348459481000}}}
1448914834427	addons.xpi	DEBUG	getModTime: Recursive scan of {972ce4c6-7e08-4474-a285-3208198ce6fd}
1448914834427	addons.xpi	DEBUG	getInstallState changed: false, state: {"app-profile":{"fxdriver@googlecode.com":{"d":"/var/folders/yd/57jw1ntj1kx40zqx2qfm71q9smmy7h/T/anonymous6532163646064218929webdriver-profile/extensions/fxdriver@googlecode.com","e":false,"v":"2.28.0","st":1448914828000,"mt":1448914828000}},"app-global":{"{972ce4c6-7e08-4474-a285-3208198ce6fd}":{"d":"/Applications/Firefox.app/Contents/Resources/browser/extensions/{972ce4c6-7e08-4474-a285-3208198ce6fd}","e":true,"v":"42.0","st":1446163689000,"mt":1446160932000}},"app-system-local":{"web2pdfextension@web2pdf.adobedotcom":{"d":"/Library/Application Support/Mozilla/Extensions/{ec8030f7-c20a-464f-9b0e-13a3a9e97384}/web2pdfextension@web2pdf.adobedotcom","e":false,"v":"2.0","st":1441157182000,"mt":1348459481000}}}
1448914834428	addons.xpi	DEBUG	No changes found
1448914834433	addons.manager	DEBUG	Registering shutdown blocker for XPIProvider
1448914834434	addons.manager	DEBUG	Provider finished startup: XPIProvider
1448914834434	addons.manager	DEBUG	Starting provider: LightweightThemeManager
1448914834434	addons.manager	DEBUG	Registering shutdown blocker for LightweightThemeManager
1448914834434	addons.manager	DEBUG	Provider finished startup: LightweightThemeManager
1448914834434	addons.manager	DEBUG	Starting provider: GMPProvider
1448914834437	addons.manager	DEBUG	Registering shutdown blocker for GMPProvider
1448914834437	addons.manager	DEBUG	Provider finished startup: GMPProvider
1448914834437	addons.manager	DEBUG	Starting provider: PluginProvider
1448914834437	addons.manager	DEBUG	Registering shutdown blocker for PluginProvider
1448914834438	addons.manager	DEBUG	Provider finished startup: PluginProvider
1448914834438	addons.manager	DEBUG	Completed startup sequence
1448914834465	addons.xpi-utils	DEBUG	Starting async load of XPI database /var/folders/yd/57jw1ntj1kx40zqx2qfm71q9smmy7h/T/anonymous6532163646064218929webdriver-profile/extensions.json
*** Blocklist::_loadBlocklistFromFile: blocklist is disabled
1448914834583	addons.manager	DEBUG	Starting provider: <unnamed-provider>
1448914834583	addons.manager	DEBUG	Registering shutdown blocker for <unnamed-provider>
1448914834584	addons.manager	DEBUG	Provider finished startup: <unnamed-provider>
1448914834704	addons.xpi-utils	DEBUG	Async JSON file read took 0 MS
1448914834704	addons.xpi-utils	DEBUG	Finished async read of XPI database, parsing...
1448914834705	addons.xpi-utils	DEBUG	Successfully read XPI database
1448914834771	addons.manager	DEBUG	Starting provider: PreviousExperimentProvider
1448914834771	addons.manager	DEBUG	Registering shutdown blocker for PreviousExperimentProvider
1448914834771	addons.manager	DEBUG	Provider finished startup: PreviousExperimentProvider
JavaScript warning: https://self-repair.mozilla.org/en-US/repair/, line 8: mutating the [[Prototype]] of an object will cause your code to run very slowly; instead create the object with the correct initial [[Prototype]] value using Object.create

	at org.openqa.selenium.firefox.internal.NewProfileExtensionConnection.start(NewProfileExtensionConnection.java:106)
	... 31 more
]]>
    </failure>
  </testcase> <!-- beforeMethod01 -->
  <testcase name="testResetPassword5" time="0.001" classname="brand.preference.MacFirefoxDesktopPreferenceCenter">
    <failure type="java.lang.NullPointerException">
      <![CDATA[java.lang.NullPointerException
	at brand.preference.MacFirefoxDesktopPreferenceCenter.testResetPassword5(MacFirefoxDesktopPreferenceCenter.java:226)
	at sun.reflect.NativeMethodAccessorImpl.invoke0(Native Method)
	at sun.reflect.NativeMethodAccessorImpl.invoke(NativeMethodAccessorImpl.java:62)
	at sun.reflect.DelegatingMethodAccessorImpl.invoke(DelegatingMethodAccessorImpl.java:43)
	at java.lang.reflect.Method.invoke(Method.java:497)
	at org.testng.internal.MethodInvocationHelper.invokeMethod(MethodInvocationHelper.java:84)
	at org.testng.internal.Invoker.invokeMethod(Invoker.java:714)
	at org.testng.internal.Invoker.invokeTestMethod(Invoker.java:901)
	at org.testng.internal.Invoker.invokeTestMethods(Invoker.java:1231)
	at org.testng.internal.TestMethodWorker.invokeTestMethods(TestMethodWorker.java:127)
	at org.testng.internal.TestMethodWorker.run(TestMethodWorker.java:111)
	at org.testng.TestRunner.privateRun(TestRunner.java:767)
	at org.testng.TestRunner.run(TestRunner.java:617)
	at org.testng.SuiteRunner.runTest(SuiteRunner.java:334)
	at org.testng.SuiteRunner.runSequentially(SuiteRunner.java:329)
	at org.testng.SuiteRunner.privateRun(SuiteRunner.java:291)
	at org.testng.SuiteRunner.run(SuiteRunner.java:240)
	at org.testng.SuiteRunnerWorker.runSuite(SuiteRunnerWorker.java:52)
	at org.testng.SuiteRunnerWorker.run(SuiteRunnerWorker.java:86)
	at org.testng.TestNG.runSuitesSequentially(TestNG.java:1224)
	at org.testng.TestNG.runSuitesLocally(TestNG.java:1149)
	at org.testng.TestNG.run(TestNG.java:1057)
	at org.testng.remote.RemoteTestNG.run(RemoteTestNG.java:111)
	at org.testng.remote.RemoteTestNG.initAndRun(RemoteTestNG.java:204)
	at org.testng.remote.RemoteTestNG.main(RemoteTestNG.java:175)
]]>
    </failure>
  </testcase> <!-- testResetPassword5 -->
  <testcase name="testValidLogin4" time="0.001" classname="brand.preference.MacFirefoxDesktopPreferenceCenter">
    <failure type="java.lang.NullPointerException">
      <![CDATA[java.lang.NullPointerException
	at brand.preference.MacFirefoxDesktopPreferenceCenter.testValidLogin4(MacFirefoxDesktopPreferenceCenter.java:185)
	at sun.reflect.NativeMethodAccessorImpl.invoke0(Native Method)
	at sun.reflect.NativeMethodAccessorImpl.invoke(NativeMethodAccessorImpl.java:62)
	at sun.reflect.DelegatingMethodAccessorImpl.invoke(DelegatingMethodAccessorImpl.java:43)
	at java.lang.reflect.Method.invoke(Method.java:497)
	at org.testng.internal.MethodInvocationHelper.invokeMethod(MethodInvocationHelper.java:84)
	at org.testng.internal.Invoker.invokeMethod(Invoker.java:714)
	at org.testng.internal.Invoker.invokeTestMethod(Invoker.java:901)
	at org.testng.internal.Invoker.invokeTestMethods(Invoker.java:1231)
	at org.testng.internal.TestMethodWorker.invokeTestMethods(TestMethodWorker.java:127)
	at org.testng.internal.TestMethodWorker.run(TestMethodWorker.java:111)
	at org.testng.TestRunner.privateRun(TestRunner.java:767)
	at org.testng.TestRunner.run(TestRunner.java:617)
	at org.testng.SuiteRunner.runTest(SuiteRunner.java:334)
	at org.testng.SuiteRunner.runSequentially(SuiteRunner.java:329)
	at org.testng.SuiteRunner.privateRun(SuiteRunner.java:291)
	at org.testng.SuiteRunner.run(SuiteRunner.java:240)
	at org.testng.SuiteRunnerWorker.runSuite(SuiteRunnerWorker.java:52)
	at org.testng.SuiteRunnerWorker.run(SuiteRunnerWorker.java:86)
	at org.testng.TestNG.runSuitesSequentially(TestNG.java:1224)
	at org.testng.TestNG.runSuitesLocally(TestNG.java:1149)
	at org.testng.TestNG.run(TestNG.java:1057)
	at org.testng.remote.RemoteTestNG.run(RemoteTestNG.java:111)
	at org.testng.remote.RemoteTestNG.initAndRun(RemoteTestNG.java:204)
	at org.testng.remote.RemoteTestNG.main(RemoteTestNG.java:175)
]]>
    </failure>
  </testcase> <!-- testValidLogin4 -->
  <testcase name="testWrongLogin03" time="0.003" classname="brand.preference.MacFirefoxDesktopPreferenceCenter">
    <failure type="java.lang.NullPointerException">
      <![CDATA[java.lang.NullPointerException
	at brand.preference.MacFirefoxDesktopPreferenceCenter.testWrongLogin03(MacFirefoxDesktopPreferenceCenter.java:142)
	at sun.reflect.NativeMethodAccessorImpl.invoke0(Native Method)
	at sun.reflect.NativeMethodAccessorImpl.invoke(NativeMethodAccessorImpl.java:62)
	at sun.reflect.DelegatingMethodAccessorImpl.invoke(DelegatingMethodAccessorImpl.java:43)
	at java.lang.reflect.Method.invoke(Method.java:497)
	at org.testng.internal.MethodInvocationHelper.invokeMethod(MethodInvocationHelper.java:84)
	at org.testng.internal.Invoker.invokeMethod(Invoker.java:714)
	at org.testng.internal.Invoker.invokeTestMethod(Invoker.java:901)
	at org.testng.internal.Invoker.invokeTestMethods(Invoker.java:1231)
	at org.testng.internal.TestMethodWorker.invokeTestMethods(TestMethodWorker.java:127)
	at org.testng.internal.TestMethodWorker.run(TestMethodWorker.java:111)
	at org.testng.TestRunner.privateRun(TestRunner.java:767)
	at org.testng.TestRunner.run(TestRunner.java:617)
	at org.testng.SuiteRunner.runTest(SuiteRunner.java:334)
	at org.testng.SuiteRunner.runSequentially(SuiteRunner.java:329)
	at org.testng.SuiteRunner.privateRun(SuiteRunner.java:291)
	at org.testng.SuiteRunner.run(SuiteRunner.java:240)
	at org.testng.SuiteRunnerWorker.runSuite(SuiteRunnerWorker.java:52)
	at org.testng.SuiteRunnerWorker.run(SuiteRunnerWorker.java:86)
	at org.testng.TestNG.runSuitesSequentially(TestNG.java:1224)
	at org.testng.TestNG.runSuitesLocally(TestNG.java:1149)
	at org.testng.TestNG.run(TestNG.java:1057)
	at org.testng.remote.RemoteTestNG.run(RemoteTestNG.java:111)
	at org.testng.remote.RemoteTestNG.initAndRun(RemoteTestNG.java:204)
	at org.testng.remote.RemoteTestNG.main(RemoteTestNG.java:175)
]]>
    </failure>
  </testcase> <!-- testWrongLogin03 -->
  <testcase name="testValidLogout12" time="0.000" classname="brand.preference.MacFirefoxDesktopPreferenceCenter">
    <failure type="java.lang.NullPointerException">
      <![CDATA[java.lang.NullPointerException
	at brand.preference.MacFirefoxDesktopPreferenceCenter.testValidLogout12(MacFirefoxDesktopPreferenceCenter.java:539)
	at sun.reflect.NativeMethodAccessorImpl.invoke0(Native Method)
	at sun.reflect.NativeMethodAccessorImpl.invoke(NativeMethodAccessorImpl.java:62)
	at sun.reflect.DelegatingMethodAccessorImpl.invoke(DelegatingMethodAccessorImpl.java:43)
	at java.lang.reflect.Method.invoke(Method.java:497)
	at org.testng.internal.MethodInvocationHelper.invokeMethod(MethodInvocationHelper.java:84)
	at org.testng.internal.Invoker.invokeMethod(Invoker.java:714)
	at org.testng.internal.Invoker.invokeTestMethod(Invoker.java:901)
	at org.testng.internal.Invoker.invokeTestMethods(Invoker.java:1231)
	at org.testng.internal.TestMethodWorker.invokeTestMethods(TestMethodWorker.java:127)
	at org.testng.internal.TestMethodWorker.run(TestMethodWorker.java:111)
	at org.testng.TestRunner.privateRun(TestRunner.java:767)
	at org.testng.TestRunner.run(TestRunner.java:617)
	at org.testng.SuiteRunner.runTest(SuiteRunner.java:334)
	at org.testng.SuiteRunner.runSequentially(SuiteRunner.java:329)
	at org.testng.SuiteRunner.privateRun(SuiteRunner.java:291)
	at org.testng.SuiteRunner.run(SuiteRunner.java:240)
	at org.testng.SuiteRunnerWorker.runSuite(SuiteRunnerWorker.java:52)
	at org.testng.SuiteRunnerWorker.run(SuiteRunnerWorker.java:86)
	at org.testng.TestNG.runSuitesSequentially(TestNG.java:1224)
	at org.testng.TestNG.runSuitesLocally(TestNG.java:1149)
	at org.testng.TestNG.run(TestNG.java:1057)
	at org.testng.remote.RemoteTestNG.run(RemoteTestNG.java:111)
	at org.testng.remote.RemoteTestNG.initAndRun(RemoteTestNG.java:204)
	at org.testng.remote.RemoteTestNG.main(RemoteTestNG.java:175)
]]>
    </failure>
  </testcase> <!-- testValidLogout12 -->
  <testcase name="testSetBlankPassword6" time="0.000" classname="brand.preference.MacFirefoxDesktopPreferenceCenter">
    <failure type="java.lang.NullPointerException">
      <![CDATA[java.lang.NullPointerException
	at brand.preference.MacFirefoxDesktopPreferenceCenter.testSetBlankPassword6(MacFirefoxDesktopPreferenceCenter.java:265)
	at sun.reflect.NativeMethodAccessorImpl.invoke0(Native Method)
	at sun.reflect.NativeMethodAccessorImpl.invoke(NativeMethodAccessorImpl.java:62)
	at sun.reflect.DelegatingMethodAccessorImpl.invoke(DelegatingMethodAccessorImpl.java:43)
	at java.lang.reflect.Method.invoke(Method.java:497)
	at org.testng.internal.MethodInvocationHelper.invokeMethod(MethodInvocationHelper.java:84)
	at org.testng.internal.Invoker.invokeMethod(Invoker.java:714)
	at org.testng.internal.Invoker.invokeTestMethod(Invoker.java:901)
	at org.testng.internal.Invoker.invokeTestMethods(Invoker.java:1231)
	at org.testng.internal.TestMethodWorker.invokeTestMethods(TestMethodWorker.java:127)
	at org.testng.internal.TestMethodWorker.run(TestMethodWorker.java:111)
	at org.testng.TestRunner.privateRun(TestRunner.java:767)
	at org.testng.TestRunner.run(TestRunner.java:617)
	at org.testng.SuiteRunner.runTest(SuiteRunner.java:334)
	at org.testng.SuiteRunner.runSequentially(SuiteRunner.java:329)
	at org.testng.SuiteRunner.privateRun(SuiteRunner.java:291)
	at org.testng.SuiteRunner.run(SuiteRunner.java:240)
	at org.testng.SuiteRunnerWorker.runSuite(SuiteRunnerWorker.java:52)
	at org.testng.SuiteRunnerWorker.run(SuiteRunnerWorker.java:86)
	at org.testng.TestNG.runSuitesSequentially(TestNG.java:1224)
	at org.testng.TestNG.runSuitesLocally(TestNG.java:1149)
	at org.testng.TestNG.run(TestNG.java:1057)
	at org.testng.remote.RemoteTestNG.run(RemoteTestNG.java:111)
	at org.testng.remote.RemoteTestNG.initAndRun(RemoteTestNG.java:204)
	at org.testng.remote.RemoteTestNG.main(RemoteTestNG.java:175)
]]>
    </failure>
  </testcase> <!-- testSetBlankPassword6 -->
  <testcase name="testValidPassword11" time="0.203" classname="brand.preference.MacFirefoxDesktopPreferenceCenter">
    <failure type="java.lang.NullPointerException">
      <![CDATA[java.lang.NullPointerException
	at brand.preference.MacFirefoxDesktopPreferenceCenter.testValidPassword11(MacFirefoxDesktopPreferenceCenter.java:489)
	at sun.reflect.NativeMethodAccessorImpl.invoke0(Native Method)
	at sun.reflect.NativeMethodAccessorImpl.invoke(NativeMethodAccessorImpl.java:62)
	at sun.reflect.DelegatingMethodAccessorImpl.invoke(DelegatingMethodAccessorImpl.java:43)
	at java.lang.reflect.Method.invoke(Method.java:497)
	at org.testng.internal.MethodInvocationHelper.invokeMethod(MethodInvocationHelper.java:84)
	at org.testng.internal.Invoker.invokeMethod(Invoker.java:714)
	at org.testng.internal.Invoker.invokeTestMethod(Invoker.java:901)
	at org.testng.internal.Invoker.invokeTestMethods(Invoker.java:1231)
	at org.testng.internal.TestMethodWorker.invokeTestMethods(TestMethodWorker.java:127)
	at org.testng.internal.TestMethodWorker.run(TestMethodWorker.java:111)
	at org.testng.TestRunner.privateRun(TestRunner.java:767)
	at org.testng.TestRunner.run(TestRunner.java:617)
	at org.testng.SuiteRunner.runTest(SuiteRunner.java:334)
	at org.testng.SuiteRunner.runSequentially(SuiteRunner.java:329)
	at org.testng.SuiteRunner.privateRun(SuiteRunner.java:291)
	at org.testng.SuiteRunner.run(SuiteRunner.java:240)
	at org.testng.SuiteRunnerWorker.runSuite(SuiteRunnerWorker.java:52)
	at org.testng.SuiteRunnerWorker.run(SuiteRunnerWorker.java:86)
	at org.testng.TestNG.runSuitesSequentially(TestNG.java:1224)
	at org.testng.TestNG.runSuitesLocally(TestNG.java:1149)
	at org.testng.TestNG.run(TestNG.java:1057)
	at org.testng.remote.RemoteTestNG.run(RemoteTestNG.java:111)
	at org.testng.remote.RemoteTestNG.initAndRun(RemoteTestNG.java:204)
	at org.testng.remote.RemoteTestNG.main(RemoteTestNG.java:175)
]]>
    </failure>
  </testcase> <!-- testValidPassword11 -->
  <testcase name="testSetRightPassword8" time="0.000" classname="brand.preference.MacFirefoxDesktopPreferenceCenter">
    <failure type="java.lang.NullPointerException">
      <![CDATA[java.lang.NullPointerException
	at brand.preference.MacFirefoxDesktopPreferenceCenter.testSetRightPassword8(MacFirefoxDesktopPreferenceCenter.java:356)
	at sun.reflect.NativeMethodAccessorImpl.invoke0(Native Method)
	at sun.reflect.NativeMethodAccessorImpl.invoke(NativeMethodAccessorImpl.java:62)
	at sun.reflect.DelegatingMethodAccessorImpl.invoke(DelegatingMethodAccessorImpl.java:43)
	at java.lang.reflect.Method.invoke(Method.java:497)
	at org.testng.internal.MethodInvocationHelper.invokeMethod(MethodInvocationHelper.java:84)
	at org.testng.internal.Invoker.invokeMethod(Invoker.java:714)
	at org.testng.internal.Invoker.invokeTestMethod(Invoker.java:901)
	at org.testng.internal.Invoker.invokeTestMethods(Invoker.java:1231)
	at org.testng.internal.TestMethodWorker.invokeTestMethods(TestMethodWorker.java:127)
	at org.testng.internal.TestMethodWorker.run(TestMethodWorker.java:111)
	at org.testng.TestRunner.privateRun(TestRunner.java:767)
	at org.testng.TestRunner.run(TestRunner.java:617)
	at org.testng.SuiteRunner.runTest(SuiteRunner.java:334)
	at org.testng.SuiteRunner.runSequentially(SuiteRunner.java:329)
	at org.testng.SuiteRunner.privateRun(SuiteRunner.java:291)
	at org.testng.SuiteRunner.run(SuiteRunner.java:240)
	at org.testng.SuiteRunnerWorker.runSuite(SuiteRunnerWorker.java:52)
	at org.testng.SuiteRunnerWorker.run(SuiteRunnerWorker.java:86)
	at org.testng.TestNG.runSuitesSequentially(TestNG.java:1224)
	at org.testng.TestNG.runSuitesLocally(TestNG.java:1149)
	at org.testng.TestNG.run(TestNG.java:1057)
	at org.testng.remote.RemoteTestNG.run(RemoteTestNG.java:111)
	at org.testng.remote.RemoteTestNG.initAndRun(RemoteTestNG.java:204)
	at org.testng.remote.RemoteTestNG.main(RemoteTestNG.java:175)
]]>
    </failure>
  </testcase> <!-- testSetRightPassword8 -->
  <testcase name="testShortPassword9" time="0.001" classname="brand.preference.MacFirefoxDesktopPreferenceCenter">
    <failure type="java.lang.NullPointerException">
      <![CDATA[java.lang.NullPointerException
	at brand.preference.MacFirefoxDesktopPreferenceCenter.testShortPassword9(MacFirefoxDesktopPreferenceCenter.java:403)
	at sun.reflect.NativeMethodAccessorImpl.invoke0(Native Method)
	at sun.reflect.NativeMethodAccessorImpl.invoke(NativeMethodAccessorImpl.java:62)
	at sun.reflect.DelegatingMethodAccessorImpl.invoke(DelegatingMethodAccessorImpl.java:43)
	at java.lang.reflect.Method.invoke(Method.java:497)
	at org.testng.internal.MethodInvocationHelper.invokeMethod(MethodInvocationHelper.java:84)
	at org.testng.internal.Invoker.invokeMethod(Invoker.java:714)
	at org.testng.internal.Invoker.invokeTestMethod(Invoker.java:901)
	at org.testng.internal.Invoker.invokeTestMethods(Invoker.java:1231)
	at org.testng.internal.TestMethodWorker.invokeTestMethods(TestMethodWorker.java:127)
	at org.testng.internal.TestMethodWorker.run(TestMethodWorker.java:111)
	at org.testng.TestRunner.privateRun(TestRunner.java:767)
	at org.testng.TestRunner.run(TestRunner.java:617)
	at org.testng.SuiteRunner.runTest(SuiteRunner.java:334)
	at org.testng.SuiteRunner.runSequentially(SuiteRunner.java:329)
	at org.testng.SuiteRunner.privateRun(SuiteRunner.java:291)
	at org.testng.SuiteRunner.run(SuiteRunner.java:240)
	at org.testng.SuiteRunnerWorker.runSuite(SuiteRunnerWorker.java:52)
	at org.testng.SuiteRunnerWorker.run(SuiteRunnerWorker.java:86)
	at org.testng.TestNG.runSuitesSequentially(TestNG.java:1224)
	at org.testng.TestNG.runSuitesLocally(TestNG.java:1149)
	at org.testng.TestNG.run(TestNG.java:1057)
	at org.testng.remote.RemoteTestNG.run(RemoteTestNG.java:111)
	at org.testng.remote.RemoteTestNG.initAndRun(RemoteTestNG.java:204)
	at org.testng.remote.RemoteTestNG.main(RemoteTestNG.java:175)
]]>
    </failure>
  </testcase> <!-- testShortPassword9 -->
</testsuite> <!-- brand.preference.MacFirefoxDesktopPreferenceCenter -->
